{"/home/t-vo90/github/t-vo90/nocrastinate/src/models/action.js": {"path":"/home/t-vo90/github/t-vo90/nocrastinate/src/models/action.js","statementMap":{"0":{"start":{"line":1,"column":17},"end":{"line":1,"column":36}},"1":{"start":{"line":3,"column":21},"end":{"line":5,"column":2}},"2":{"start":{"line":7,"column":0},"end":{"line":7,"column":55}}},"fnMap":{},"branchMap":{},"s":{"0":1,"1":1,"2":1},"f":{},"b":{},"_coverageSchema":"1a1c01bbd47fc00a2c39e90264f33305004495a9","hash":"ea25ecf7f9c65bb8f03b051da023774b5780c150"}
,"/home/t-vo90/github/t-vo90/nocrastinate/src/models/actionrecord.js": {"path":"/home/t-vo90/github/t-vo90/nocrastinate/src/models/actionrecord.js","statementMap":{"0":{"start":{"line":1,"column":17},"end":{"line":1,"column":36}},"1":{"start":{"line":3,"column":27},"end":{"line":12,"column":2}},"2":{"start":{"line":16,"column":17},"end":{"line":16,"column":78}},"3":{"start":{"line":17,"column":4},"end":{"line":17,"column":30}},"4":{"start":{"line":18,"column":4},"end":{"line":18,"column":21}},"5":{"start":{"line":19,"column":4},"end":{"line":19,"column":15}},"6":{"start":{"line":28,"column":0},"end":{"line":28,"column":42}},"7":{"start":{"line":29,"column":0},"end":{"line":29,"column":67}}},"fnMap":{"0":{"name":"(anonymous_0)","decl":{"start":{"line":15,"column":2},"end":{"line":15,"column":3}},"loc":{"start":{"line":15,"column":45},"end":{"line":20,"column":3}},"line":15}},"branchMap":{},"s":{"0":1,"1":1,"2":0,"3":0,"4":0,"5":0,"6":1,"7":1},"f":{"0":0},"b":{},"_coverageSchema":"1a1c01bbd47fc00a2c39e90264f33305004495a9","hash":"39e264c58c37c70ba4328039fbdcf54b5131ea51"}
,"/home/t-vo90/github/t-vo90/nocrastinate/src/models/user.js": {"path":"/home/t-vo90/github/t-vo90/nocrastinate/src/models/user.js","statementMap":{"0":{"start":{"line":1,"column":17},"end":{"line":1,"column":36}},"1":{"start":{"line":2,"column":21},"end":{"line":2,"column":53}},"2":{"start":{"line":3,"column":15},"end":{"line":3,"column":34}},"3":{"start":{"line":4,"column":21},"end":{"line":4,"column":46}},"4":{"start":{"line":6,"column":19},"end":{"line":32,"column":2}},"5":{"start":{"line":36,"column":19},"end":{"line":36,"column":60}},"6":{"start":{"line":37,"column":4},"end":{"line":37,"column":37}},"7":{"start":{"line":39,"column":4},"end":{"line":39,"column":76}},"8":{"start":{"line":39,"column":66},"end":{"line":39,"column":72}},"9":{"start":{"line":41,"column":4},"end":{"line":41,"column":21}},"10":{"start":{"line":42,"column":4},"end":{"line":42,"column":17}},"11":{"start":{"line":46,"column":19},"end":{"line":46,"column":56}},"12":{"start":{"line":47,"column":4},"end":{"line":47,"column":36}},"13":{"start":{"line":48,"column":4},"end":{"line":48,"column":64}},"14":{"start":{"line":49,"column":4},"end":{"line":49,"column":64}},"15":{"start":{"line":50,"column":4},"end":{"line":50,"column":74}},"16":{"start":{"line":52,"column":4},"end":{"line":52,"column":35}},"17":{"start":{"line":54,"column":4},"end":{"line":54,"column":57}},"18":{"start":{"line":57,"column":4},"end":{"line":57,"column":21}},"19":{"start":{"line":61,"column":25},"end":{"line":61,"column":61}},"20":{"start":{"line":62,"column":4},"end":{"line":62,"column":43}},"21":{"start":{"line":78,"column":4},"end":{"line":86,"column":5}},"22":{"start":{"line":92,"column":0},"end":{"line":92,"column":26}},"23":{"start":{"line":93,"column":0},"end":{"line":93,"column":31}},"24":{"start":{"line":95,"column":0},"end":{"line":95,"column":51}}},"fnMap":{"0":{"name":"(anonymous_0)","decl":{"start":{"line":35,"column":2},"end":{"line":35,"column":3}},"loc":{"start":{"line":35,"column":33},"end":{"line":43,"column":3}},"line":35},"1":{"name":"(anonymous_1)","decl":{"start":{"line":39,"column":61},"end":{"line":39,"column":62}},"loc":{"start":{"line":39,"column":66},"end":{"line":39,"column":72}},"line":39},"2":{"name":"(anonymous_2)","decl":{"start":{"line":45,"column":2},"end":{"line":45,"column":3}},"loc":{"start":{"line":45,"column":28},"end":{"line":58,"column":3}},"line":45},"3":{"name":"(anonymous_3)","decl":{"start":{"line":60,"column":2},"end":{"line":60,"column":3}},"loc":{"start":{"line":60,"column":21},"end":{"line":73,"column":3}},"line":60},"4":{"name":"(anonymous_4)","decl":{"start":{"line":75,"column":2},"end":{"line":75,"column":3}},"loc":{"start":{"line":75,"column":21},"end":{"line":75,"column":23}},"line":75},"5":{"name":"(anonymous_5)","decl":{"start":{"line":77,"column":2},"end":{"line":77,"column":3}},"loc":{"start":{"line":77,"column":16},"end":{"line":89,"column":3}},"line":77}},"branchMap":{},"s":{"0":1,"1":1,"2":1,"3":1,"4":1,"5":0,"6":0,"7":0,"8":0,"9":0,"10":0,"11":0,"12":0,"13":0,"14":0,"15":0,"16":0,"17":0,"18":0,"19":0,"20":0,"21":0,"22":1,"23":1,"24":1},"f":{"0":0,"1":0,"2":0,"3":0,"4":0,"5":0},"b":{},"_coverageSchema":"1a1c01bbd47fc00a2c39e90264f33305004495a9","hash":"7f350a88c4e474b26c32cb03f2ef11272de700a8"}
}
